[debug] [2022-11-28T18:37:44.449Z] ----------------------------------------------------------------------
[debug] [2022-11-28T18:37:44.451Z] Command:       C:\Program Files\nodejs\node.exe C:\Users\NoteBoo\AppData\Roaming\npm\node_modules\firebase-tools\lib\bin\firebase.js init
[debug] [2022-11-28T18:37:44.451Z] CLI Version:   11.16.1
[debug] [2022-11-28T18:37:44.451Z] Platform:      win32
[debug] [2022-11-28T18:37:44.451Z] Node Version:  v16.18.0
[debug] [2022-11-28T18:37:44.452Z] Time:          Mon Nov 28 2022 15:37:44 GMT-0300 (Horário Padrão de Brasília)
[debug] [2022-11-28T18:37:44.453Z] ----------------------------------------------------------------------
[debug] 
[debug] [2022-11-28T18:37:44.460Z] > command requires scopes: ["email","openid","https://www.googleapis.com/auth/cloudplatformprojects.readonly","https://www.googleapis.com/auth/firebase","https://www.googleapis.com/auth/cloud-platform"]
[debug] [2022-11-28T18:37:44.460Z] > authorizing via signed-in user (ykykani@gmail.com)
[info] 
     ######## #### ########  ######## ########     ###     ######  ########
     ##        ##  ##     ## ##       ##     ##  ##   ##  ##       ##
     ######    ##  ########  ######   ########  #########  ######  ######
     ##        ##  ##    ##  ##       ##     ## ##     ##       ## ##
     ##       #### ##     ## ######## ########  ##     ##  ######  ########

You're about to initialize a Firebase project in this directory:

  C:\Users\NoteBoo\Desktop\CURSOS\HCODELAB\JSDEVELOPER\MYREPO\js003

[info] 
=== Project Setup
[info] 
[info] First, let's associate this project directory with a Firebase project.
[info] You can create multiple project aliases by running firebase use --add, 
[info] but for now we'll just set up a default project.
[info] 
[debug] [2022-11-28T18:37:53.035Z] >>> [apiv2][query] GET https://firebase.googleapis.com/v1beta1/projects pageSize=100
[debug] [2022-11-28T18:37:53.727Z] <<< [apiv2][status] GET https://firebase.googleapis.com/v1beta1/projects 200
[debug] [2022-11-28T18:37:53.727Z] <<< [apiv2][body] GET https://firebase.googleapis.com/v1beta1/projects [omitted]
[info] i  Using project ferrari-js-003 (ferrari-js-003) 
[info] 
=== Firestore Setup
[debug] [2022-11-28T18:37:54.430Z] >>> [apiv2][query] GET https://serviceusage.googleapis.com/v1/projects/ferrari-js-003/services/firestore.googleapis.com [none]
[debug] [2022-11-28T18:37:54.430Z] >>> [apiv2][(partial)header] GET https://serviceusage.googleapis.com/v1/projects/ferrari-js-003/services/firestore.googleapis.com x-goog-quota-user=projects/ferrari-js-003
[debug] [2022-11-28T18:37:55.472Z] <<< [apiv2][status] GET https://serviceusage.googleapis.com/v1/projects/ferrari-js-003/services/firestore.googleapis.com 200
[debug] [2022-11-28T18:37:55.473Z] <<< [apiv2][body] GET https://serviceusage.googleapis.com/v1/projects/ferrari-js-003/services/firestore.googleapis.com [omitted]
[debug] [2022-11-28T18:37:55.474Z] >>> [apiv2][query] GET https://appengine.googleapis.com/v1/apps/ferrari-js-003 [none]
[debug] [2022-11-28T18:37:55.939Z] <<< [apiv2][status] GET https://appengine.googleapis.com/v1/apps/ferrari-js-003 200
[debug] [2022-11-28T18:37:55.939Z] <<< [apiv2][body] GET https://appengine.googleapis.com/v1/apps/ferrari-js-003 {"name":"apps/ferrari-js-003","id":"ferrari-js-003","authDomain":"gmail.com","locationId":"us-central","codeBucket":"staging.ferrari-js-003.appspot.com","servingStatus":"SERVING","defaultHostname":"ferrari-js-003.uc.r.appspot.com","defaultBucket":"ferrari-js-003.appspot.com","serviceAccount":"ferrari-js-003@appspot.gserviceaccount.com","gcrDomain":"us.gcr.io","databaseType":"CLOUD_FIRESTORE","featureSettings":{"splitHealthChecks":true,"useContainerOptimizedOs":true}}
[debug] [2022-11-28T18:37:55.940Z] database_type: CLOUD_FIRESTORE
[debug] [2022-11-28T18:37:55.940Z] > command requires scopes: ["email","openid","https://www.googleapis.com/auth/cloudplatformprojects.readonly","https://www.googleapis.com/auth/firebase","https://www.googleapis.com/auth/cloud-platform"]
[debug] [2022-11-28T18:37:55.940Z] > authorizing via signed-in user (ykykani@gmail.com)
[debug] [2022-11-28T18:37:55.940Z] [iam] checking project ferrari-js-003 for permissions ["firebase.projects.get"]
[debug] [2022-11-28T18:37:55.940Z] >>> [apiv2][query] POST https://cloudresourcemanager.googleapis.com/v1/projects/ferrari-js-003:testIamPermissions [none]
[debug] [2022-11-28T18:37:55.940Z] >>> [apiv2][(partial)header] POST https://cloudresourcemanager.googleapis.com/v1/projects/ferrari-js-003:testIamPermissions x-goog-quota-user=projects/ferrari-js-003
[debug] [2022-11-28T18:37:55.941Z] >>> [apiv2][body] POST https://cloudresourcemanager.googleapis.com/v1/projects/ferrari-js-003:testIamPermissions {"permissions":["firebase.projects.get"]}
[debug] [2022-11-28T18:37:56.871Z] <<< [apiv2][status] POST https://cloudresourcemanager.googleapis.com/v1/projects/ferrari-js-003:testIamPermissions 200
[debug] [2022-11-28T18:37:56.871Z] <<< [apiv2][body] POST https://cloudresourcemanager.googleapis.com/v1/projects/ferrari-js-003:testIamPermissions {"permissions":["firebase.projects.get"]}
[info] 
[info] Firestore Security Rules allow you to define how and when to allow
[info] requests. You can keep these rules in your project directory
[info] and publish them with firebase deploy.
[info] 
[debug] [2022-11-28T18:38:30.663Z] >>> [apiv2][query] GET https://firebaserules.googleapis.com/v1/projects/ferrari-js-003/releases pageSize=10&pageToken=
[debug] [2022-11-28T18:38:31.813Z] <<< [apiv2][status] GET https://firebaserules.googleapis.com/v1/projects/ferrari-js-003/releases 200
[debug] [2022-11-28T18:38:31.814Z] <<< [apiv2][body] GET https://firebaserules.googleapis.com/v1/projects/ferrari-js-003/releases {"releases":[{"name":"projects/ferrari-js-003/releases/cloud.firestore","rulesetName":"projects/ferrari-js-003/rulesets/bd3cf071-b117-4e6c-913a-43811d12089a","createTime":"2022-11-28T18:31:17.382005Z","updateTime":"2022-11-28T18:31:17.382005Z"},{"name":"projects/ferrari-js-003/releases/firebase.storage/ferrari-js-003.appspot.com","rulesetName":"projects/ferrari-js-003/rulesets/e3656987-a173-475a-918a-9d30a68a9a58","createTime":"2022-11-28T18:35:17.527332Z","updateTime":"2022-11-28T18:35:17.527332Z"}]}
[debug] [2022-11-28T18:38:31.824Z] Found ruleset: projects/ferrari-js-003/rulesets/bd3cf071-b117-4e6c-913a-43811d12089a
[debug] [2022-11-28T18:38:31.825Z] >>> [apiv2][query] GET https://firebaserules.googleapis.com/v1/projects/ferrari-js-003/rulesets/bd3cf071-b117-4e6c-913a-43811d12089a [none]
[debug] [2022-11-28T18:38:32.773Z] <<< [apiv2][status] GET https://firebaserules.googleapis.com/v1/projects/ferrari-js-003/rulesets/bd3cf071-b117-4e6c-913a-43811d12089a 200
[debug] [2022-11-28T18:38:32.773Z] <<< [apiv2][body] GET https://firebaserules.googleapis.com/v1/projects/ferrari-js-003/rulesets/bd3cf071-b117-4e6c-913a-43811d12089a [omitted]
[info] 
[info] Firestore indexes allow you to perform complex queries while
[info] maintaining performance that scales with the size of the result
[info] set. You can keep index definitions in your project directory
[info] and publish them with firebase deploy.
[info] 
[debug] [2022-11-28T18:38:40.783Z] >>> [apiv2][query] GET https://firestore.googleapis.com/v1/projects/ferrari-js-003/databases/(default)/collectionGroups/-/indexes [none]
[debug] [2022-11-28T18:38:40.784Z] >>> [apiv2][query] GET https://firestore.googleapis.com/v1/projects/ferrari-js-003/databases/(default)/collectionGroups/-/fields?filter=indexConfig.usesAncestorConfig=false [none]
[debug] [2022-11-28T18:38:41.752Z] <<< [apiv2][status] GET https://firestore.googleapis.com/v1/projects/ferrari-js-003/databases/(default)/collectionGroups/-/indexes 200
[debug] [2022-11-28T18:38:41.752Z] <<< [apiv2][body] GET https://firestore.googleapis.com/v1/projects/ferrari-js-003/databases/(default)/collectionGroups/-/indexes {}
[debug] [2022-11-28T18:38:42.366Z] <<< [apiv2][status] GET https://firestore.googleapis.com/v1/projects/ferrari-js-003/databases/(default)/collectionGroups/-/fields?filter=indexConfig.usesAncestorConfig=false 200
[debug] [2022-11-28T18:38:42.367Z] <<< [apiv2][body] GET https://firestore.googleapis.com/v1/projects/ferrari-js-003/databases/(default)/collectionGroups/-/fields?filter=indexConfig.usesAncestorConfig=false {"fields":[{"name":"projects/ferrari-js-003/databases/(default)/collectionGroups/__default__/fields/*","indexConfig":{"indexes":[{"queryScope":"COLLECTION","fields":[{"fieldPath":"*","order":"ASCENDING"}],"state":"READY"},{"queryScope":"COLLECTION","fields":[{"fieldPath":"*","order":"DESCENDING"}],"state":"READY"},{"queryScope":"COLLECTION","fields":[{"fieldPath":"*","arrayConfig":"CONTAINS"}],"state":"READY"}]}}]}
[info] 
=== Hosting Setup
[info] 
[info] Your public directory is the folder (relative to your project directory) that
[info] will contain Hosting assets to be uploaded with firebase deploy. If you
[info] have a build process for your assets, use your build's output directory.
[info] 
[info] i  Skipping write of public/404.html 
[debug] [2022-11-28T18:43:46.708Z] >>> [apiv2][query] GET https://www.gstatic.com/firebasejs/releases.json [none]
[debug] [2022-11-28T18:43:46.905Z] <<< [apiv2][status] GET https://www.gstatic.com/firebasejs/releases.json 200
[debug] [2022-11-28T18:43:46.905Z] <<< [apiv2][body] GET https://www.gstatic.com/firebasejs/releases.json {"current":{"version":"9.14.0","browserURL":"https://www.gstatic.com/firebasejs/9.14.0/firebase.js","packageURL":"https://www.gstatic.com/firebasejs/9.14.0/firebase.tgz"},"live":{"version":"9.14","browserURL":"https://www.gstatic.com/firebasejs/live/9.14/firebase.js","packageURL":"https://www.gstatic.com/firebasejs/live/9.14/firebase.tgz"},"components":{"analytics":"https://www.gstatic.com/firebasejs/9.14.0/firebase-analytics.js","app":"https://www.gstatic.com/firebasejs/9.14.0/firebase-app.js","app-check":"https://www.gstatic.com/firebasejs/9.14.0/firebase-app-check.js","auth":"https://www.gstatic.com/firebasejs/9.14.0/firebase-auth.js","auth/cordova":"https://www.gstatic.com/firebasejs/9.14.0/firebase-auth/cordova.js","auth/react-native":"https://www.gstatic.com/firebasejs/9.14.0/firebase-auth/react-native.js","functions":"https://www.gstatic.com/firebasejs/9.14.0/firebase-functions.js","firestore":"https://www.gstatic.com/firebasejs/9.14.0/firebase-firestore.js","firestore/lite":"https://www.gstatic.com/firebasejs/9.14.0/firebase-firestore/lite.js","installations":"https://www.gstatic.com/firebasejs/9.14.0/firebase-installations.js","storage":"https://www.gstatic.com/firebasejs/9.14.0/firebase-storage.js","performance":"https://www.gstatic.com/firebasejs/9.14.0/firebase-performance.js","remote-config":"https://www.gstatic.com/firebasejs/9.14.0/firebase-remote-config.js","messaging":"https://www.gstatic.com/firebasejs/9.14.0/firebase-messaging.js","messaging/sw":"https://www.gstatic.com/firebasejs/9.14.0/firebase-messaging/sw.js","database":"https://www.gstatic.com/firebasejs/9.14.0/firebase-database.js","firestore.memory":"https://www.gstatic.com/firebasejs/9.14.0/firebase-firestore.memory.js"}}
